2025-12-04 10:44:01,249 | ERROR | ❌ API请求异常: /api/prompts/ - 'Sanic' object has no attribute 'response'
Traceback (most recent call last):
  File "handle_request", line 102, in handle_request
    try:
         
  File "/app/projects/YPrompt/backend/apps/__init__.py", line 126, in static_and_spa_fallback
    return sanic_app.response.empty(status=404)
           ^^^^^^^^^^^^^^^^^^
AttributeError: 'Sanic' object has no attribute 'response'. Did you mean: 'on_response'?
2025-12-04 10:44:17,227 | ERROR | ❌ API请求异常: /api/prompts/ - 'Sanic' object has no attribute 'response'
Traceback (most recent call last):
  File "handle_request", line 102, in handle_request
    try:
         
  File "/app/projects/YPrompt/backend/apps/__init__.py", line 126, in static_and_spa_fallback
    return sanic_app.response.empty(status=404)
           ^^^^^^^^^^^^^^^^^^
AttributeError: 'Sanic' object has no attribute 'response'. Did you mean: 'on_response'?
2025-12-04 10:44:35,317 | ERROR | ❌ API请求异常: /api/prompts/ - 'Sanic' object has no attribute 'response'
Traceback (most recent call last):
  File "handle_request", line 102, in handle_request
    try:
         
  File "/app/projects/YPrompt/backend/apps/__init__.py", line 126, in static_and_spa_fallback
    return sanic_app.response.empty(status=404)
           ^^^^^^^^^^^^^^^^^^
AttributeError: 'Sanic' object has no attribute 'response'. Did you mean: 'on_response'?
2025-12-04 10:49:28,434 | ERROR | ❌ 静态文件路由拦截了API请求: /api/prompts/，这不应该发生！
2025-12-04 10:49:28,435 | ERROR |    请检查路由注册顺序，API路由应该在静态文件路由之前注册
